Created by PLY version 3.11 (http://www.dabeaz.com/ply)

Grammar

Rule 0     S' -> exp
Rule 1     exp -> exp PLUS exp
Rule 2     exp -> exp MINUS exp
Rule 3     exp -> exp MULT exp
Rule 4     exp -> exp DIV exp
Rule 5     exp -> exp POT exp
Rule 6     exp -> LPAREN exp RPAREN
Rule 7     exp -> NUMBER
Rule 8     exp -> FLOAT

Terminals, with rules where they appear

DIV                  : 4
FLOAT                : 8
LPAREN               : 6
MINUS                : 2
MULT                 : 3
NUMBER               : 7
PLUS                 : 1
POT                  : 5
RPAREN               : 6
error                : 

Nonterminals, with rules where they appear

exp                  : 1 1 2 2 3 3 4 4 5 5 6 0

Parsing method: LALR

state 0

    (0) S' -> . exp
    (1) exp -> . exp PLUS exp
    (2) exp -> . exp MINUS exp
    (3) exp -> . exp MULT exp
    (4) exp -> . exp DIV exp
    (5) exp -> . exp POT exp
    (6) exp -> . LPAREN exp RPAREN
    (7) exp -> . NUMBER
    (8) exp -> . FLOAT

    LPAREN          shift and go to state 2
    NUMBER          shift and go to state 3
    FLOAT           shift and go to state 4

    exp                            shift and go to state 1

state 1

    (0) S' -> exp .
    (1) exp -> exp . PLUS exp
    (2) exp -> exp . MINUS exp
    (3) exp -> exp . MULT exp
    (4) exp -> exp . DIV exp
    (5) exp -> exp . POT exp

    PLUS            shift and go to state 5
    MINUS           shift and go to state 6
    MULT            shift and go to state 7
    DIV             shift and go to state 8
    POT             shift and go to state 9


state 2

    (6) exp -> LPAREN . exp RPAREN
    (1) exp -> . exp PLUS exp
    (2) exp -> . exp MINUS exp
    (3) exp -> . exp MULT exp
    (4) exp -> . exp DIV exp
    (5) exp -> . exp POT exp
    (6) exp -> . LPAREN exp RPAREN
    (7) exp -> . NUMBER
    (8) exp -> . FLOAT

    LPAREN          shift and go to state 2
    NUMBER          shift and go to state 3
    FLOAT           shift and go to state 4

    exp                            shift and go to state 10

state 3

    (7) exp -> NUMBER .

    PLUS            reduce using rule 7 (exp -> NUMBER .)
    MINUS           reduce using rule 7 (exp -> NUMBER .)
    MULT            reduce using rule 7 (exp -> NUMBER .)
    DIV             reduce using rule 7 (exp -> NUMBER .)
    POT             reduce using rule 7 (exp -> NUMBER .)
    $end            reduce using rule 7 (exp -> NUMBER .)
    RPAREN          reduce using rule 7 (exp -> NUMBER .)


state 4

    (8) exp -> FLOAT .

    PLUS            reduce using rule 8 (exp -> FLOAT .)
    MINUS           reduce using rule 8 (exp -> FLOAT .)
    MULT            reduce using rule 8 (exp -> FLOAT .)
    DIV             reduce using rule 8 (exp -> FLOAT .)
    POT             reduce using rule 8 (exp -> FLOAT .)
    $end            reduce using rule 8 (exp -> FLOAT .)
    RPAREN          reduce using rule 8 (exp -> FLOAT .)


state 5

    (1) exp -> exp PLUS . exp
    (1) exp -> . exp PLUS exp
    (2) exp -> . exp MINUS exp
    (3) exp -> . exp MULT exp
    (4) exp -> . exp DIV exp
    (5) exp -> . exp POT exp
    (6) exp -> . LPAREN exp RPAREN
    (7) exp -> . NUMBER
    (8) exp -> . FLOAT

    LPAREN          shift and go to state 2
    NUMBER          shift and go to state 3
    FLOAT           shift and go to state 4

    exp                            shift and go to state 11

state 6

    (2) exp -> exp MINUS . exp
    (1) exp -> . exp PLUS exp
    (2) exp -> . exp MINUS exp
    (3) exp -> . exp MULT exp
    (4) exp -> . exp DIV exp
    (5) exp -> . exp POT exp
    (6) exp -> . LPAREN exp RPAREN
    (7) exp -> . NUMBER
    (8) exp -> . FLOAT

    LPAREN          shift and go to state 2
    NUMBER          shift and go to state 3
    FLOAT           shift and go to state 4

    exp                            shift and go to state 12

state 7

    (3) exp -> exp MULT . exp
    (1) exp -> . exp PLUS exp
    (2) exp -> . exp MINUS exp
    (3) exp -> . exp MULT exp
    (4) exp -> . exp DIV exp
    (5) exp -> . exp POT exp
    (6) exp -> . LPAREN exp RPAREN
    (7) exp -> . NUMBER
    (8) exp -> . FLOAT

    LPAREN          shift and go to state 2
    NUMBER          shift and go to state 3
    FLOAT           shift and go to state 4

    exp                            shift and go to state 13

state 8

    (4) exp -> exp DIV . exp
    (1) exp -> . exp PLUS exp
    (2) exp -> . exp MINUS exp
    (3) exp -> . exp MULT exp
    (4) exp -> . exp DIV exp
    (5) exp -> . exp POT exp
    (6) exp -> . LPAREN exp RPAREN
    (7) exp -> . NUMBER
    (8) exp -> . FLOAT

    LPAREN          shift and go to state 2
    NUMBER          shift and go to state 3
    FLOAT           shift and go to state 4

    exp                            shift and go to state 14

state 9

    (5) exp -> exp POT . exp
    (1) exp -> . exp PLUS exp
    (2) exp -> . exp MINUS exp
    (3) exp -> . exp MULT exp
    (4) exp -> . exp DIV exp
    (5) exp -> . exp POT exp
    (6) exp -> . LPAREN exp RPAREN
    (7) exp -> . NUMBER
    (8) exp -> . FLOAT

    LPAREN          shift and go to state 2
    NUMBER          shift and go to state 3
    FLOAT           shift and go to state 4

    exp                            shift and go to state 15

state 10

    (6) exp -> LPAREN exp . RPAREN
    (1) exp -> exp . PLUS exp
    (2) exp -> exp . MINUS exp
    (3) exp -> exp . MULT exp
    (4) exp -> exp . DIV exp
    (5) exp -> exp . POT exp

    RPAREN          shift and go to state 16
    PLUS            shift and go to state 5
    MINUS           shift and go to state 6
    MULT            shift and go to state 7
    DIV             shift and go to state 8
    POT             shift and go to state 9


state 11

    (1) exp -> exp PLUS exp .
    (1) exp -> exp . PLUS exp
    (2) exp -> exp . MINUS exp
    (3) exp -> exp . MULT exp
    (4) exp -> exp . DIV exp
    (5) exp -> exp . POT exp

    PLUS            reduce using rule 1 (exp -> exp PLUS exp .)
    MINUS           reduce using rule 1 (exp -> exp PLUS exp .)
    MULT            reduce using rule 1 (exp -> exp PLUS exp .)
    DIV             reduce using rule 1 (exp -> exp PLUS exp .)
    POT             reduce using rule 1 (exp -> exp PLUS exp .)
    $end            reduce using rule 1 (exp -> exp PLUS exp .)
    RPAREN          reduce using rule 1 (exp -> exp PLUS exp .)

  ! PLUS            [ shift and go to state 5 ]
  ! MINUS           [ shift and go to state 6 ]
  ! MULT            [ shift and go to state 7 ]
  ! DIV             [ shift and go to state 8 ]
  ! POT             [ shift and go to state 9 ]


state 12

    (2) exp -> exp MINUS exp .
    (1) exp -> exp . PLUS exp
    (2) exp -> exp . MINUS exp
    (3) exp -> exp . MULT exp
    (4) exp -> exp . DIV exp
    (5) exp -> exp . POT exp

    PLUS            reduce using rule 2 (exp -> exp MINUS exp .)
    MINUS           reduce using rule 2 (exp -> exp MINUS exp .)
    MULT            reduce using rule 2 (exp -> exp MINUS exp .)
    DIV             reduce using rule 2 (exp -> exp MINUS exp .)
    POT             reduce using rule 2 (exp -> exp MINUS exp .)
    $end            reduce using rule 2 (exp -> exp MINUS exp .)
    RPAREN          reduce using rule 2 (exp -> exp MINUS exp .)

  ! PLUS            [ shift and go to state 5 ]
  ! MINUS           [ shift and go to state 6 ]
  ! MULT            [ shift and go to state 7 ]
  ! DIV             [ shift and go to state 8 ]
  ! POT             [ shift and go to state 9 ]


state 13

    (3) exp -> exp MULT exp .
    (1) exp -> exp . PLUS exp
    (2) exp -> exp . MINUS exp
    (3) exp -> exp . MULT exp
    (4) exp -> exp . DIV exp
    (5) exp -> exp . POT exp

    PLUS            reduce using rule 3 (exp -> exp MULT exp .)
    MINUS           reduce using rule 3 (exp -> exp MULT exp .)
    MULT            reduce using rule 3 (exp -> exp MULT exp .)
    DIV             reduce using rule 3 (exp -> exp MULT exp .)
    POT             reduce using rule 3 (exp -> exp MULT exp .)
    $end            reduce using rule 3 (exp -> exp MULT exp .)
    RPAREN          reduce using rule 3 (exp -> exp MULT exp .)

  ! PLUS            [ shift and go to state 5 ]
  ! MINUS           [ shift and go to state 6 ]
  ! MULT            [ shift and go to state 7 ]
  ! DIV             [ shift and go to state 8 ]
  ! POT             [ shift and go to state 9 ]


state 14

    (4) exp -> exp DIV exp .
    (1) exp -> exp . PLUS exp
    (2) exp -> exp . MINUS exp
    (3) exp -> exp . MULT exp
    (4) exp -> exp . DIV exp
    (5) exp -> exp . POT exp

    PLUS            reduce using rule 4 (exp -> exp DIV exp .)
    MINUS           reduce using rule 4 (exp -> exp DIV exp .)
    MULT            reduce using rule 4 (exp -> exp DIV exp .)
    DIV             reduce using rule 4 (exp -> exp DIV exp .)
    POT             reduce using rule 4 (exp -> exp DIV exp .)
    $end            reduce using rule 4 (exp -> exp DIV exp .)
    RPAREN          reduce using rule 4 (exp -> exp DIV exp .)

  ! PLUS            [ shift and go to state 5 ]
  ! MINUS           [ shift and go to state 6 ]
  ! MULT            [ shift and go to state 7 ]
  ! DIV             [ shift and go to state 8 ]
  ! POT             [ shift and go to state 9 ]


state 15

    (5) exp -> exp POT exp .
    (1) exp -> exp . PLUS exp
    (2) exp -> exp . MINUS exp
    (3) exp -> exp . MULT exp
    (4) exp -> exp . DIV exp
    (5) exp -> exp . POT exp

    PLUS            reduce using rule 5 (exp -> exp POT exp .)
    MINUS           reduce using rule 5 (exp -> exp POT exp .)
    MULT            reduce using rule 5 (exp -> exp POT exp .)
    DIV             reduce using rule 5 (exp -> exp POT exp .)
    POT             reduce using rule 5 (exp -> exp POT exp .)
    $end            reduce using rule 5 (exp -> exp POT exp .)
    RPAREN          reduce using rule 5 (exp -> exp POT exp .)

  ! PLUS            [ shift and go to state 5 ]
  ! MINUS           [ shift and go to state 6 ]
  ! MULT            [ shift and go to state 7 ]
  ! DIV             [ shift and go to state 8 ]
  ! POT             [ shift and go to state 9 ]


state 16

    (6) exp -> LPAREN exp RPAREN .

    PLUS            reduce using rule 6 (exp -> LPAREN exp RPAREN .)
    MINUS           reduce using rule 6 (exp -> LPAREN exp RPAREN .)
    MULT            reduce using rule 6 (exp -> LPAREN exp RPAREN .)
    DIV             reduce using rule 6 (exp -> LPAREN exp RPAREN .)
    POT             reduce using rule 6 (exp -> LPAREN exp RPAREN .)
    $end            reduce using rule 6 (exp -> LPAREN exp RPAREN .)
    RPAREN          reduce using rule 6 (exp -> LPAREN exp RPAREN .)

